<?xml version="1.0" encoding="UTF-8"?>
<testng-results skipped="0" failed="0" ignored="0" total="2" passed="2">
  <reporter-output>
  </reporter-output>
  <suite name="Default suite" duration-ms="179" started-at="2022-11-11T22:29:06 PST" finished-at="2022-11-11T22:29:06 PST">
    <groups>
    </groups>
    <test name="Default test" duration-ms="179" started-at="2022-11-11T22:29:06 PST" finished-at="2022-11-11T22:29:06 PST">
      <class name="testNg.providers">
        <test-method status="PASS" signature="datap(java.lang.String,java.lang.String)[pri:0, instance:testNg.providers@a38d7a3]" name="datap" duration-ms="15" started-at="2022-11-11T22:29:06 PST" data-provider="asc" finished-at="2022-11-11T22:29:06 PST">
          <params>
            <param index="0">
              <value>
                <![CDATA[mumbai]]>
              </value>
            </param>
            <param index="1">
              <value>
                <![CDATA[pune]]>
              </value>
            </param>
          </params>
          <reporter-output>
          </reporter-output>
        </test-method> <!-- datap -->
        <test-method status="PASS" signature="datap(java.lang.String,java.lang.String)[pri:0, instance:testNg.providers@a38d7a3]" name="datap" duration-ms="15" started-at="2022-11-11T22:29:06 PST" data-provider="asc" finished-at="2022-11-11T22:29:06 PST">
          <params>
            <param index="0">
              <value>
                <![CDATA[satara]]>
              </value>
            </param>
            <param index="1">
              <value>
                <![CDATA[nashik]]>
              </value>
            </param>
          </params>
          <reporter-output>
          </reporter-output>
        </test-method> <!-- datap -->
      </class> <!-- testNg.providers -->
    </test> <!-- Default test -->
  </suite> <!-- Default suite -->
</testng-results>
